<?xml version="1.0" encoding="UTF-8"?>
<!-- Generated by org.testng.reporters.JUnitReportReporter -->
<testsuite skipped="0" hostname="MRG-LTP-34" name="testleaf.CheckStatusAftersaveform" tests="1" failures="0" timestamp="2020-08-27T20:34:20 IST" time="21.906" errors="0">
  <testcase name="CheckStatusAfterSaveForm" time="21.906" classname="testleaf.CheckStatusAftersaveform"/>
</testsuite> <!-- testleaf.CheckStatusAftersaveform -->
