<?xml version="1.0" encoding="UTF-8"?>
<!-- Generated by org.testng.reporters.JUnitReportReporter -->
<testsuite skipped="0" hostname="MRG-LTP-34" name="testleaf.CheckMandatoryValidation" tests="1" failures="0" timestamp="2020-08-28T11:44:29 IST" time="0.371" errors="0">
  <testcase name="clicksavebuttonwithoutenteringdata" time="0.371" classname="testleaf.CheckMandatoryValidation"/>
</testsuite> <!-- testleaf.CheckMandatoryValidation -->
